2017-12-27 10:14:08,546 [ERROR] from hello in hello-impl-application-akka.actor.default-dispatcher-19 - Exception in PathCallId{pathPattern='/api/hello/:id'}
com.lightbend.lagom.javadsl.api.deser.DeserializationException: Unrecognized token 'grant_type': was expecting ('true', 'false' or 'null')
 at [Source: akka.util.ByteIterator$ByteArrayIterator$$anon$1@6876d694; line: 1, column: 12]
	at com.lightbend.lagom.javadsl.jackson.JacksonSerializerFactory$JacksonMessageSerializer$JacksonDeserializer.deserialize(JacksonSerializerFactory.java:127) ~[lagom-javadsl-jackson_2.11-1.3.0.jar:1.3.0]
	at com.lightbend.lagom.javadsl.jackson.JacksonSerializerFactory$JacksonMessageSerializer$JacksonDeserializer.deserialize(JacksonSerializerFactory.java:115) ~[lagom-javadsl-jackson_2.11-1.3.0.jar:1.3.0]
	at com.lightbend.lagom.internal.javadsl.client.JavadslServiceApiBridge$class.negotiatedDeserializerDeserialize(JavadslServiceApiBridge.scala:97) ~[lagom-javadsl-client_2.11-1.3.0.jar:1.3.0]
	at com.lightbend.lagom.internal.javadsl.server.JavadslServiceRouter.negotiatedDeserializerDeserialize(JavadslServerBuilder.scala:129) ~[lagom-javadsl-server_2.11-1.3.0.jar:1.3.0]
	at com.lightbend.lagom.internal.javadsl.server.JavadslServiceRouter.negotiatedDeserializerDeserialize(JavadslServerBuilder.scala:129) ~[lagom-javadsl-server_2.11-1.3.0.jar:1.3.0]
	at com.lightbend.lagom.internal.server.ServiceRouter$$anonfun$com$lightbend$lagom$internal$server$ServiceRouter$$handleServiceCall$1.apply(ServiceRouter.scala:147) ~[lagom-server_2.11-1.3.0.jar:1.3.0]
	at com.lightbend.lagom.internal.server.ServiceRouter$$anonfun$com$lightbend$lagom$internal$server$ServiceRouter$$handleServiceCall$1.apply(ServiceRouter.scala:138) ~[lagom-server_2.11-1.3.0.jar:1.3.0]
	at scala.concurrent.Future$$anonfun$flatMap$1.apply(Future.scala:253) ~[scala-library-2.11.8.jar:na]
	at scala.concurrent.Future$$anonfun$flatMap$1.apply(Future.scala:251) ~[scala-library-2.11.8.jar:na]
	at scala.concurrent.impl.CallbackRunnable.run(Promise.scala:32) [scala-library-2.11.8.jar:na]
	at akka.dispatch.BatchingExecutor$AbstractBatch.processBatch(BatchingExecutor.scala:55) [akka-actor_2.11-2.4.16.jar:na]
	at akka.dispatch.BatchingExecutor$BlockableBatch$$anonfun$run$1.apply$mcV$sp(BatchingExecutor.scala:91) [akka-actor_2.11-2.4.16.jar:na]
	at akka.dispatch.BatchingExecutor$BlockableBatch$$anonfun$run$1.apply(BatchingExecutor.scala:91) [akka-actor_2.11-2.4.16.jar:na]
	at akka.dispatch.BatchingExecutor$BlockableBatch$$anonfun$run$1.apply(BatchingExecutor.scala:91) [akka-actor_2.11-2.4.16.jar:na]
	at scala.concurrent.BlockContext$.withBlockContext(BlockContext.scala:72) [scala-library-2.11.8.jar:na]
	at akka.dispatch.BatchingExecutor$BlockableBatch.run(BatchingExecutor.scala:90) [akka-actor_2.11-2.4.16.jar:na]
	at akka.dispatch.TaskInvocation.run(AbstractDispatcher.scala:39) [akka-actor_2.11-2.4.16.jar:na]
	at akka.dispatch.ForkJoinExecutorConfigurator$AkkaForkJoinTask.exec(AbstractDispatcher.scala:415) [akka-actor_2.11-2.4.16.jar:na]
	at scala.concurrent.forkjoin.ForkJoinTask.doExec(ForkJoinTask.java:260) [scala-library-2.11.8.jar:na]
	at scala.concurrent.forkjoin.ForkJoinPool$WorkQueue.runTask(ForkJoinPool.java:1339) [scala-library-2.11.8.jar:na]
	at scala.concurrent.forkjoin.ForkJoinPool.runWorker(ForkJoinPool.java:1979) [scala-library-2.11.8.jar:na]
	at scala.concurrent.forkjoin.ForkJoinWorkerThread.run(ForkJoinWorkerThread.java:107) [scala-library-2.11.8.jar:na]
Caused by: com.fasterxml.jackson.core.JsonParseException: Unrecognized token 'grant_type': was expecting ('true', 'false' or 'null')
 at [Source: akka.util.ByteIterator$ByteArrayIterator$$anon$1@6876d694; line: 1, column: 12]
	at com.fasterxml.jackson.core.JsonParser._constructError(JsonParser.java:1586) ~[jackson-core-2.7.8.jar:2.7.8]
	at com.fasterxml.jackson.core.base.ParserMinimalBase._reportError(ParserMinimalBase.java:521) ~[jackson-core-2.7.8.jar:2.7.8]
	at com.fasterxml.jackson.core.json.UTF8StreamJsonParser._reportInvalidToken(UTF8StreamJsonParser.java:3464) ~[jackson-core-2.7.8.jar:2.7.8]
	at com.fasterxml.jackson.core.json.UTF8StreamJsonParser._handleUnexpectedValue(UTF8StreamJsonParser.java:2628) ~[jackson-core-2.7.8.jar:2.7.8]
	at com.fasterxml.jackson.core.json.UTF8StreamJsonParser._nextTokenNotInObject(UTF8StreamJsonParser.java:854) ~[jackson-core-2.7.8.jar:2.7.8]
	at com.fasterxml.jackson.core.json.UTF8StreamJsonParser.nextToken(UTF8StreamJsonParser.java:748) ~[jackson-core-2.7.8.jar:2.7.8]
	at com.fasterxml.jackson.databind.ObjectReader._initForReading(ObjectReader.java:358) ~[jackson-databind-2.7.8.jar:2.7.8]
	at com.fasterxml.jackson.databind.ObjectReader._bindAndClose(ObjectReader.java:1562) ~[jackson-databind-2.7.8.jar:2.7.8]
	at com.fasterxml.jackson.databind.ObjectReader.readValue(ObjectReader.java:1166) ~[jackson-databind-2.7.8.jar:2.7.8]
	at com.lightbend.lagom.javadsl.jackson.JacksonSerializerFactory$JacksonMessageSerializer$JacksonDeserializer.deserialize(JacksonSerializerFactory.java:125) ~[lagom-javadsl-jackson_2.11-1.3.0.jar:1.3.0]
	... 21 common frames omitted
2017-12-27 10:14:25,464 [ERROR] from hello in hello-impl-application-akka.actor.default-dispatcher-3 - Exception in PathCallId{pathPattern='/api/hello/:id'}
com.lightbend.lagom.javadsl.api.deser.DeserializationException: No content to map due to end-of-input
 at [Source: akka.util.ByteIterator$ByteArrayIterator$$anon$1@399666ba; line: 1, column: 0]
	at com.lightbend.lagom.javadsl.jackson.JacksonSerializerFactory$JacksonMessageSerializer$JacksonDeserializer.deserialize(JacksonSerializerFactory.java:127) ~[lagom-javadsl-jackson_2.11-1.3.0.jar:1.3.0]
	at com.lightbend.lagom.javadsl.jackson.JacksonSerializerFactory$JacksonMessageSerializer$JacksonDeserializer.deserialize(JacksonSerializerFactory.java:115) ~[lagom-javadsl-jackson_2.11-1.3.0.jar:1.3.0]
	at com.lightbend.lagom.internal.javadsl.client.JavadslServiceApiBridge$class.negotiatedDeserializerDeserialize(JavadslServiceApiBridge.scala:97) ~[lagom-javadsl-client_2.11-1.3.0.jar:1.3.0]
	at com.lightbend.lagom.internal.javadsl.server.JavadslServiceRouter.negotiatedDeserializerDeserialize(JavadslServerBuilder.scala:129) ~[lagom-javadsl-server_2.11-1.3.0.jar:1.3.0]
	at com.lightbend.lagom.internal.javadsl.server.JavadslServiceRouter.negotiatedDeserializerDeserialize(JavadslServerBuilder.scala:129) ~[lagom-javadsl-server_2.11-1.3.0.jar:1.3.0]
	at com.lightbend.lagom.internal.server.ServiceRouter$$anonfun$com$lightbend$lagom$internal$server$ServiceRouter$$handleServiceCall$1.apply(ServiceRouter.scala:147) ~[lagom-server_2.11-1.3.0.jar:1.3.0]
	at com.lightbend.lagom.internal.server.ServiceRouter$$anonfun$com$lightbend$lagom$internal$server$ServiceRouter$$handleServiceCall$1.apply(ServiceRouter.scala:138) ~[lagom-server_2.11-1.3.0.jar:1.3.0]
	at scala.concurrent.Future$$anonfun$flatMap$1.apply(Future.scala:253) ~[scala-library-2.11.8.jar:na]
	at scala.concurrent.Future$$anonfun$flatMap$1.apply(Future.scala:251) ~[scala-library-2.11.8.jar:na]
	at scala.concurrent.impl.CallbackRunnable.run(Promise.scala:32) [scala-library-2.11.8.jar:na]
	at akka.dispatch.BatchingExecutor$AbstractBatch.processBatch(BatchingExecutor.scala:55) [akka-actor_2.11-2.4.16.jar:na]
	at akka.dispatch.BatchingExecutor$BlockableBatch$$anonfun$run$1.apply$mcV$sp(BatchingExecutor.scala:91) [akka-actor_2.11-2.4.16.jar:na]
	at akka.dispatch.BatchingExecutor$BlockableBatch$$anonfun$run$1.apply(BatchingExecutor.scala:91) [akka-actor_2.11-2.4.16.jar:na]
	at akka.dispatch.BatchingExecutor$BlockableBatch$$anonfun$run$1.apply(BatchingExecutor.scala:91) [akka-actor_2.11-2.4.16.jar:na]
	at scala.concurrent.BlockContext$.withBlockContext(BlockContext.scala:72) [scala-library-2.11.8.jar:na]
	at akka.dispatch.BatchingExecutor$BlockableBatch.run(BatchingExecutor.scala:90) [akka-actor_2.11-2.4.16.jar:na]
	at akka.dispatch.TaskInvocation.run(AbstractDispatcher.scala:39) [akka-actor_2.11-2.4.16.jar:na]
	at akka.dispatch.ForkJoinExecutorConfigurator$AkkaForkJoinTask.exec(AbstractDispatcher.scala:415) [akka-actor_2.11-2.4.16.jar:na]
	at scala.concurrent.forkjoin.ForkJoinTask.doExec(ForkJoinTask.java:260) [scala-library-2.11.8.jar:na]
	at scala.concurrent.forkjoin.ForkJoinPool$WorkQueue.runTask(ForkJoinPool.java:1339) [scala-library-2.11.8.jar:na]
	at scala.concurrent.forkjoin.ForkJoinPool.runWorker(ForkJoinPool.java:1979) [scala-library-2.11.8.jar:na]
	at scala.concurrent.forkjoin.ForkJoinWorkerThread.run(ForkJoinWorkerThread.java:107) [scala-library-2.11.8.jar:na]
Caused by: com.fasterxml.jackson.databind.JsonMappingException: No content to map due to end-of-input
 at [Source: akka.util.ByteIterator$ByteArrayIterator$$anon$1@399666ba; line: 1, column: 0]
	at com.fasterxml.jackson.databind.JsonMappingException.from(JsonMappingException.java:256) ~[jackson-databind-2.7.8.jar:2.7.8]
	at com.fasterxml.jackson.databind.ObjectReader._initForReading(ObjectReader.java:361) ~[jackson-databind-2.7.8.jar:2.7.8]
	at com.fasterxml.jackson.databind.ObjectReader._bindAndClose(ObjectReader.java:1562) ~[jackson-databind-2.7.8.jar:2.7.8]
	at com.fasterxml.jackson.databind.ObjectReader.readValue(ObjectReader.java:1166) ~[jackson-databind-2.7.8.jar:2.7.8]
	at com.lightbend.lagom.javadsl.jackson.JacksonSerializerFactory$JacksonMessageSerializer$JacksonDeserializer.deserialize(JacksonSerializerFactory.java:125) ~[lagom-javadsl-jackson_2.11-1.3.0.jar:1.3.0]
	... 21 common frames omitted
