[2017-12-27 14:00:39,383] TRACE [Controller 0]: checking need to trigger partition rebalance (kafka.controller.KafkaController)
[2017-12-27 14:00:39,383] DEBUG [Controller 0]: preferred replicas by broker Map() (kafka.controller.KafkaController)
[2017-12-27 14:05:39,383] TRACE [Controller 0]: checking need to trigger partition rebalance (kafka.controller.KafkaController)
[2017-12-27 14:05:39,383] DEBUG [Controller 0]: preferred replicas by broker Map() (kafka.controller.KafkaController)
[2017-12-27 14:10:39,383] TRACE [Controller 0]: checking need to trigger partition rebalance (kafka.controller.KafkaController)
[2017-12-27 14:10:39,383] DEBUG [Controller 0]: preferred replicas by broker Map() (kafka.controller.KafkaController)
[2017-12-27 14:15:39,383] TRACE [Controller 0]: checking need to trigger partition rebalance (kafka.controller.KafkaController)
[2017-12-27 14:15:39,383] DEBUG [Controller 0]: preferred replicas by broker Map() (kafka.controller.KafkaController)
[2017-12-27 14:20:39,383] TRACE [Controller 0]: checking need to trigger partition rebalance (kafka.controller.KafkaController)
[2017-12-27 14:20:39,383] DEBUG [Controller 0]: preferred replicas by broker Map() (kafka.controller.KafkaController)
[2017-12-27 14:25:39,383] TRACE [Controller 0]: checking need to trigger partition rebalance (kafka.controller.KafkaController)
[2017-12-27 14:25:39,383] DEBUG [Controller 0]: preferred replicas by broker Map() (kafka.controller.KafkaController)
[2017-12-27 14:29:19,682] INFO [Controller 0]: Shutting down broker 0 (kafka.controller.KafkaController)
[2017-12-27 14:29:19,682] DEBUG [Controller 0]: All shutting down brokers: 0 (kafka.controller.KafkaController)
[2017-12-27 14:29:19,682] DEBUG [Controller 0]: Live brokers:  (kafka.controller.KafkaController)
[2017-12-27 14:29:19,683] TRACE [Controller 0]: All leaders =  (kafka.controller.KafkaController)
[2017-12-27 14:29:21,566] DEBUG [Controller 0]: Controller resigning, broker id 0 (kafka.controller.KafkaController)
[2017-12-27 14:29:21,566] DEBUG [Controller 0]: De-registering IsrChangeNotificationListener (kafka.controller.KafkaController)
[2017-12-27 14:29:21,567] INFO [Partition state machine on Controller 0]: Stopped partition state machine (kafka.controller.PartitionStateMachine)
[2017-12-27 14:29:21,567] INFO [Replica state machine on controller 0]: Stopped replica state machine (kafka.controller.ReplicaStateMachine)
[2017-12-27 14:29:21,568] INFO [Controller-0-to-broker-0-send-thread], Shutting down (kafka.controller.RequestSendThread)
[2017-12-27 14:29:21,568] INFO [Controller-0-to-broker-0-send-thread], Shutdown completed (kafka.controller.RequestSendThread)
[2017-12-27 14:29:21,568] INFO [Controller-0-to-broker-0-send-thread], Stopped  (kafka.controller.RequestSendThread)
[2017-12-27 14:29:21,569] INFO [Controller 0]: Broker 0 resigned as the controller (kafka.controller.KafkaController)
