[2017-12-27 14:00:34,438] INFO [Group Metadata Manager on Broker 0]: Removed 0 expired offsets in 0 milliseconds. (kafka.coordinator.GroupMetadataManager)
[2017-12-27 14:10:34,438] INFO [Group Metadata Manager on Broker 0]: Removed 0 expired offsets in 0 milliseconds. (kafka.coordinator.GroupMetadataManager)
[2017-12-27 14:20:34,438] INFO [Group Metadata Manager on Broker 0]: Removed 0 expired offsets in 0 milliseconds. (kafka.coordinator.GroupMetadataManager)
[2017-12-27 14:29:19,666] INFO [Kafka Server 0], shutting down (kafka.server.KafkaServer)
[2017-12-27 14:29:19,667] INFO [Kafka Server 0], Starting controlled shutdown (kafka.server.KafkaServer)
[2017-12-27 14:29:19,686] INFO [Kafka Server 0], Controlled shutdown succeeded (kafka.server.KafkaServer)
[2017-12-27 14:29:19,687] INFO [Socket Server on Broker 0], Shutting down (kafka.network.SocketServer)
[2017-12-27 14:29:19,690] INFO [Socket Server on Broker 0], Shutdown completed (kafka.network.SocketServer)
[2017-12-27 14:29:19,690] INFO [Kafka Request Handler on Broker 0], shutting down (kafka.server.KafkaRequestHandlerPool)
[2017-12-27 14:29:19,693] INFO [Kafka Request Handler on Broker 0], shut down completely (kafka.server.KafkaRequestHandlerPool)
[2017-12-27 14:29:19,695] INFO [ThrottledRequestReaper-Produce], Shutting down (kafka.server.ClientQuotaManager$ThrottledRequestReaper)
[2017-12-27 14:29:19,970] INFO [ThrottledRequestReaper-Produce], Stopped  (kafka.server.ClientQuotaManager$ThrottledRequestReaper)
[2017-12-27 14:29:19,970] INFO [ThrottledRequestReaper-Produce], Shutdown completed (kafka.server.ClientQuotaManager$ThrottledRequestReaper)
[2017-12-27 14:29:19,970] INFO [ThrottledRequestReaper-Fetch], Shutting down (kafka.server.ClientQuotaManager$ThrottledRequestReaper)
[2017-12-27 14:29:20,969] INFO [ThrottledRequestReaper-Fetch], Stopped  (kafka.server.ClientQuotaManager$ThrottledRequestReaper)
[2017-12-27 14:29:20,969] INFO [ThrottledRequestReaper-Fetch], Shutdown completed (kafka.server.ClientQuotaManager$ThrottledRequestReaper)
[2017-12-27 14:29:20,970] INFO [KafkaApi-0] Shutdown complete. (kafka.server.KafkaApis)
[2017-12-27 14:29:20,970] INFO [Replica Manager on Broker 0]: Shutting down (kafka.server.ReplicaManager)
[2017-12-27 14:29:20,970] INFO [ReplicaFetcherManager on broker 0] shutting down (kafka.server.ReplicaFetcherManager)
[2017-12-27 14:29:20,971] INFO [ReplicaFetcherManager on broker 0] shutdown completed (kafka.server.ReplicaFetcherManager)
[2017-12-27 14:29:20,971] INFO [ExpirationReaper-0], Shutting down (kafka.server.DelayedOperationPurgatory$ExpiredOperationReaper)
[2017-12-27 14:29:21,036] INFO [ExpirationReaper-0], Stopped  (kafka.server.DelayedOperationPurgatory$ExpiredOperationReaper)
[2017-12-27 14:29:21,036] INFO [ExpirationReaper-0], Shutdown completed (kafka.server.DelayedOperationPurgatory$ExpiredOperationReaper)
[2017-12-27 14:29:21,036] INFO [ExpirationReaper-0], Shutting down (kafka.server.DelayedOperationPurgatory$ExpiredOperationReaper)
[2017-12-27 14:29:21,229] INFO [ExpirationReaper-0], Stopped  (kafka.server.DelayedOperationPurgatory$ExpiredOperationReaper)
[2017-12-27 14:29:21,229] INFO [ExpirationReaper-0], Shutdown completed (kafka.server.DelayedOperationPurgatory$ExpiredOperationReaper)
[2017-12-27 14:29:21,230] INFO [Replica Manager on Broker 0]: Shut down completely (kafka.server.ReplicaManager)
[2017-12-27 14:29:21,230] INFO Shutting down. (kafka.log.LogManager)
[2017-12-27 14:29:21,233] INFO Shutdown complete. (kafka.log.LogManager)
[2017-12-27 14:29:21,233] INFO [GroupCoordinator 0]: Shutting down. (kafka.coordinator.GroupCoordinator)
[2017-12-27 14:29:21,234] INFO [ExpirationReaper-0], Shutting down (kafka.server.DelayedOperationPurgatory$ExpiredOperationReaper)
[2017-12-27 14:29:21,397] INFO [ExpirationReaper-0], Stopped  (kafka.server.DelayedOperationPurgatory$ExpiredOperationReaper)
[2017-12-27 14:29:21,397] INFO [ExpirationReaper-0], Shutdown completed (kafka.server.DelayedOperationPurgatory$ExpiredOperationReaper)
[2017-12-27 14:29:21,397] INFO [ExpirationReaper-0], Shutting down (kafka.server.DelayedOperationPurgatory$ExpiredOperationReaper)
[2017-12-27 14:29:21,565] INFO [ExpirationReaper-0], Stopped  (kafka.server.DelayedOperationPurgatory$ExpiredOperationReaper)
[2017-12-27 14:29:21,565] INFO [ExpirationReaper-0], Shutdown completed (kafka.server.DelayedOperationPurgatory$ExpiredOperationReaper)
[2017-12-27 14:29:21,566] INFO [GroupCoordinator 0]: Shutdown complete. (kafka.coordinator.GroupCoordinator)
[2017-12-27 14:29:21,569] INFO Terminate ZkClient event thread. (org.I0Itec.zkclient.ZkEventThread)
[2017-12-27 14:29:21,569] INFO Processed session termination for sessionid: 0x160972a80050000 (org.apache.zookeeper.server.PrepRequestProcessor)
[2017-12-27 14:29:21,570] INFO Session: 0x160972a80050000 closed (org.apache.zookeeper.ZooKeeper)
[2017-12-27 14:29:21,571] INFO Closed socket connection for client /127.0.0.1:42608 which had sessionid 0x160972a80050000 (org.apache.zookeeper.server.NIOServerCnxn)
[2017-12-27 14:29:21,571] INFO EventThread shut down (org.apache.zookeeper.ClientCnxn)
[2017-12-27 14:29:21,571] INFO [Kafka Server 0], shut down completed (kafka.server.KafkaServer)
[2017-12-27 14:29:21,571] INFO NIOServerCnxn factory exited run method (org.apache.zookeeper.server.NIOServerCnxnFactory)
[2017-12-27 14:29:21,571] INFO shutting down (org.apache.zookeeper.server.ZooKeeperServer)
[2017-12-27 14:29:21,571] INFO shutting down (org.apache.zookeeper.server.ZooKeeperServer)
[2017-12-27 14:29:21,571] INFO Shutting down (org.apache.zookeeper.server.SessionTrackerImpl)
[2017-12-27 14:29:21,571] INFO Shutting down (org.apache.zookeeper.server.PrepRequestProcessor)
[2017-12-27 14:29:21,571] INFO Shutting down (org.apache.zookeeper.server.SessionTrackerImpl)
[2017-12-27 14:29:21,571] INFO Shutting down (org.apache.zookeeper.server.PrepRequestProcessor)
[2017-12-27 14:29:21,571] INFO Shutting down (org.apache.zookeeper.server.SyncRequestProcessor)
[2017-12-27 14:29:21,571] INFO Shutting down (org.apache.zookeeper.server.SyncRequestProcessor)
[2017-12-27 14:29:21,571] INFO SyncRequestProcessor exited! (org.apache.zookeeper.server.SyncRequestProcessor)
[2017-12-27 14:29:21,571] INFO PrepRequestProcessor exited loop! (org.apache.zookeeper.server.PrepRequestProcessor)
[2017-12-27 14:29:21,572] INFO shutdown of request processor complete (org.apache.zookeeper.server.FinalRequestProcessor)
[2017-12-27 14:29:21,572] INFO shutdown of request processor complete (org.apache.zookeeper.server.FinalRequestProcessor)
